Job Information for Job ID: 3298 from paulojnpinto02
------------ ------------
Account: students
CPUs per Node: 32
RAM: 150G
Partition: cpu
QOS: students-qos
Start Time: 2025-02-10 13:04:03 WET
Running On Node: cpu-srv-03
------------ ------------
Initial Generation
Best individual from Initial Generation: ({'quality': 11, 'lgwin': 22, 'lgblock': 18, 'mode': 'text'},)
Fitness: 3.913164427500599
Total time took: 7.724530458450317
----------------------------------------------------------------------------------------------------
Generation 2
Best individual: ({'quality': 11, 'lgwin': 22, 'lgblock': 18, 'mode': 'text'},)
Fitness: 3.913164427500599
Total time took: 8.83024263381958
----------------------------------------------------------------------------------------------------
Generation 3
Best individual: ({'quality': 11, 'lgwin': 22, 'lgblock': 18, 'mode': 'text'},)
Fitness: 3.913164427500599
Total time took: 10.16592812538147
----------------------------------------------------------------------------------------------------
Generation 4
Best individual: ({'quality': 11, 'lgwin': 22, 'lgblock': 18, 'mode': 'text'},)
Fitness: 3.913164427500599
Total time took: 11.913896083831787
----------------------------------------------------------------------------------------------------
Generation 5
Best individual: ({'quality': 11, 'lgwin': 24, 'lgblock': 18, 'mode': 'generic'},)
Fitness: 3.915186873006694
Total time took: 13.21743106842041
----------------------------------------------------------------------------------------------------
Generation 6
Best individual: ({'quality': 11, 'lgwin': 24, 'lgblock': 18, 'mode': 'generic'},)
Fitness: 3.915186873006694
Total time took: 14.06836485862732
----------------------------------------------------------------------------------------------------
Generation 7
Best individual: ({'quality': 11, 'lgwin': 24, 'lgblock': 18, 'mode': 'generic'},)
Fitness: 3.915186873006694
Total time took: 15.166233539581299
----------------------------------------------------------------------------------------------------
Generation 8
Best individual: ({'quality': 11, 'lgwin': 24, 'lgblock': 18, 'mode': 'generic'},)
Fitness: 3.915186873006694
Total time took: 17.4885675907135
----------------------------------------------------------------------------------------------------
Generation 9
Best individual: ({'quality': 11, 'lgwin': 24, 'lgblock': 18, 'mode': 'generic'},)
Fitness: 3.915186873006694
Total time took: 18.333252429962158
----------------------------------------------------------------------------------------------------
Generation 10
Best individual: ({'quality': 11, 'lgwin': 24, 'lgblock': 18, 'mode': 'generic'},)
Fitness: 3.915186873006694
Total time took: 20.79251742362976
----------------------------------------------------------------------------------------------------
Generation 11
Best individual: ({'quality': 11, 'lgwin': 24, 'lgblock': 18, 'mode': 'generic'},)
Fitness: 3.915186873006694
Total time took: 20.837822914123535
----------------------------------------------------------------------------------------------------
Generation 12
Best individual: ({'quality': 11, 'lgwin': 24, 'lgblock': 18, 'mode': 'generic'},)
Fitness: 3.915186873006694
Total time took: 20.497754335403442
----------------------------------------------------------------------------------------------------
Generation 13
Best individual: ({'quality': 11, 'lgwin': 24, 'lgblock': 18, 'mode': 'generic'},)
Fitness: 3.915186873006694
Total time took: 19.823910236358643
----------------------------------------------------------------------------------------------------
Generation 14
Best individual: ({'quality': 11, 'lgwin': 24, 'lgblock': 18, 'mode': 'generic'},)
Fitness: 3.915186873006694
Total time took: 18.437183141708374
----------------------------------------------------------------------------------------------------
Generation 15
Best individual: ({'quality': 11, 'lgwin': 24, 'lgblock': 18, 'mode': 'generic'},)
Fitness: 3.915186873006694
Total time took: 17.791430711746216
----------------------------------------------------------------------------------------------------
Generation 16
Best individual: ({'quality': 11, 'lgwin': 24, 'lgblock': 18, 'mode': 'generic'},)
Fitness: 3.915186873006694
Total time took: 20.379526138305664
----------------------------------------------------------------------------------------------------
Generation 17
Best individual: ({'quality': 11, 'lgwin': 24, 'lgblock': 18, 'mode': 'generic'},)
Fitness: 3.915186873006694
Total time took: 17.99390435218811
----------------------------------------------------------------------------------------------------
Generation 18
Best individual: ({'quality': 11, 'lgwin': 24, 'lgblock': 18, 'mode': 'generic'},)
Fitness: 3.915186873006694
Total time took: 19.242024183273315
----------------------------------------------------------------------------------------------------
Generation 19
Best individual: ({'quality': 11, 'lgwin': 24, 'lgblock': 18, 'mode': 'generic'},)
Fitness: 3.915186873006694
Total time took: 17.25262689590454
----------------------------------------------------------------------------------------------------
Generation 20
Best individual: ({'quality': 11, 'lgwin': 24, 'lgblock': 18, 'mode': 'generic'},)
Fitness: 3.915186873006694
Total time took: 16.799882173538208
----------------------------------------------------------------------------------------------------
Generation 21
Best individual: ({'quality': 11, 'lgwin': 24, 'lgblock': 18, 'mode': 'generic'},)
Fitness: 3.915186873006694
Total time took: 17.029419898986816
----------------------------------------------------------------------------------------------------
Generation 22
Best individual: ({'quality': 11, 'lgwin': 24, 'lgblock': 18, 'mode': 'generic'},)
Fitness: 3.915186873006694
Total time took: 18.02988052368164
----------------------------------------------------------------------------------------------------
Generation 23
Best individual: ({'quality': 11, 'lgwin': 24, 'lgblock': 18, 'mode': 'generic'},)
Fitness: 3.915186873006694
Total time took: 20.387579441070557
----------------------------------------------------------------------------------------------------
Generation 24
Best individual: ({'quality': 11, 'lgwin': 24, 'lgblock': 18, 'mode': 'generic'},)
Fitness: 3.915186873006694
Total time took: 18.010343551635742
----------------------------------------------------------------------------------------------------
Generation 25
Best individual: ({'quality': 11, 'lgwin': 24, 'lgblock': 18, 'mode': 'generic'},)
Fitness: 3.915186873006694
Total time took: 18.711494207382202
----------------------------------------------------------------------------------------------------
Generation 26
Best individual: ({'quality': 11, 'lgwin': 24, 'lgblock': 18, 'mode': 'generic'},)
Fitness: 3.915186873006694
Total time took: 17.754636764526367
----------------------------------------------------------------------------------------------------
Generation 27
Best individual: ({'quality': 11, 'lgwin': 24, 'lgblock': 18, 'mode': 'generic'},)
Fitness: 3.915186873006694
Total time took: 21.04084038734436
----------------------------------------------------------------------------------------------------
Generation 28
Best individual: ({'quality': 11, 'lgwin': 24, 'lgblock': 18, 'mode': 'generic'},)
Fitness: 3.915186873006694
Total time took: 17.197174549102783
----------------------------------------------------------------------------------------------------
Generation 29
Best individual: ({'quality': 11, 'lgwin': 24, 'lgblock': 18, 'mode': 'generic'},)
Fitness: 3.915186873006694
Total time took: 19.950729370117188
----------------------------------------------------------------------------------------------------
Generation 30
Best individual: ({'quality': 11, 'lgwin': 24, 'lgblock': 18, 'mode': 'generic'},)
Fitness: 3.915186873006694
Total time took: 20.49998378753662
----------------------------------------------------------------------------------------------------
Generation 31
Best individual: ({'quality': 11, 'lgwin': 24, 'lgblock': 18, 'mode': 'generic'},)
Fitness: 3.915186873006694
Total time took: 22.242982149124146
----------------------------------------------------------------------------------------------------
Generation 32
Best individual: ({'quality': 11, 'lgwin': 24, 'lgblock': 18, 'mode': 'generic'},)
Fitness: 3.915186873006694
Total time took: 18.028404474258423
----------------------------------------------------------------------------------------------------
Generation 33
Best individual: ({'quality': 11, 'lgwin': 24, 'lgblock': 18, 'mode': 'generic'},)
Fitness: 3.915186873006694
Total time took: 21.038289070129395
----------------------------------------------------------------------------------------------------
Generation 34
Best individual: ({'quality': 11, 'lgwin': 24, 'lgblock': 18, 'mode': 'generic'},)
Fitness: 3.915186873006694
Total time took: 19.702919483184814
----------------------------------------------------------------------------------------------------
Generation 35
Best individual: ({'quality': 11, 'lgwin': 24, 'lgblock': 18, 'mode': 'generic'},)
Fitness: 3.915186873006694
Total time took: 20.786532163619995
----------------------------------------------------------------------------------------------------
Generation 36
Best individual: ({'quality': 11, 'lgwin': 24, 'lgblock': 18, 'mode': 'generic'},)
Fitness: 3.915186873006694
Total time took: 20.257715940475464
----------------------------------------------------------------------------------------------------
Generation 37
Best individual: ({'quality': 11, 'lgwin': 24, 'lgblock': 18, 'mode': 'generic'},)
Fitness: 3.915186873006694
Total time took: 20.592840909957886
----------------------------------------------------------------------------------------------------
Generation 38
Best individual: ({'quality': 11, 'lgwin': 24, 'lgblock': 18, 'mode': 'generic'},)
Fitness: 3.915186873006694
Total time took: 19.84233069419861
----------------------------------------------------------------------------------------------------
Generation 39
Best individual: ({'quality': 11, 'lgwin': 24, 'lgblock': 18, 'mode': 'generic'},)
Fitness: 3.915186873006694
Total time took: 20.118889331817627
----------------------------------------------------------------------------------------------------
Generation 40
Best individual: ({'quality': 11, 'lgwin': 24, 'lgblock': 18, 'mode': 'generic'},)
Fitness: 3.915186873006694
Total time took: 20.12509036064148
----------------------------------------------------------------------------------------------------
Generation 41
Best individual: ({'quality': 11, 'lgwin': 24, 'lgblock': 18, 'mode': 'generic'},)
Fitness: 3.915186873006694
Total time took: 20.863626956939697
----------------------------------------------------------------------------------------------------
Generation 42
Best individual: ({'quality': 11, 'lgwin': 24, 'lgblock': 18, 'mode': 'generic'},)
Fitness: 3.915186873006694
Total time took: 22.7634117603302
----------------------------------------------------------------------------------------------------
Generation 43
Best individual: ({'quality': 11, 'lgwin': 24, 'lgblock': 18, 'mode': 'generic'},)
Fitness: 3.915186873006694
Total time took: 20.94346523284912
----------------------------------------------------------------------------------------------------
Generation 44
Best individual: ({'quality': 11, 'lgwin': 24, 'lgblock': 18, 'mode': 'generic'},)
Fitness: 3.915186873006694
Total time took: 21.066216945648193
----------------------------------------------------------------------------------------------------
Generation 45
Best individual: ({'quality': 11, 'lgwin': 24, 'lgblock': 18, 'mode': 'generic'},)
Fitness: 3.915186873006694
Total time took: 20.255805492401123
----------------------------------------------------------------------------------------------------
Generation 46
Best individual: ({'quality': 11, 'lgwin': 24, 'lgblock': 18, 'mode': 'generic'},)
Fitness: 3.915186873006694
Total time took: 20.845577239990234
----------------------------------------------------------------------------------------------------
Generation 47
Best individual: ({'quality': 11, 'lgwin': 24, 'lgblock': 18, 'mode': 'generic'},)
Fitness: 3.915186873006694
Total time took: 20.166935682296753
----------------------------------------------------------------------------------------------------
Generation 48
Best individual: ({'quality': 11, 'lgwin': 24, 'lgblock': 18, 'mode': 'generic'},)
Fitness: 3.915186873006694
Total time took: 22.338996410369873
----------------------------------------------------------------------------------------------------
Generation 49
Best individual: ({'quality': 11, 'lgwin': 24, 'lgblock': 18, 'mode': 'generic'},)
Fitness: 3.915186873006694
Total time took: 21.591914653778076
----------------------------------------------------------------------------------------------------
Generation 50
Best individual: ({'quality': 11, 'lgwin': 24, 'lgblock': 18, 'mode': 'generic'},)
Fitness: 3.915186873006694
Total time took: 20.690112590789795
----------------------------------------------------------------------------------------------------
Best parameters found: ({'quality': 11, 'lgwin': 24, 'lgblock': 18, 'mode': 'generic'},) with fitness 3.915186873006694
------------ ------------
End Time: 2025-02-10 13:19:51 WET
