Job Information for Job ID: 3263 from paulojnpinto02
------------ ------------
Account: students
CPUs per Node: 32
RAM: 150G
Partition: cpu
QOS: students-qos
Start Time: 2025-02-10 00:51:58 WET
Running On Node: cpu-srv-03
------------ ------------
Initial Generation
Best individual from Initial Generation: ({'ctx': 5, 'den': 20, 'hash': 16, 'gamma': 0.8, 'mutations': 3, 'den_mut': 7, 'gamma_mut': 0.99},)
Fitness: 4.303822102779858
Total time took: 91.82920217514038
----------------------------------------------------------------------------------------------------
Generation 2
Best individual: ({'ctx': 5, 'den': 20, 'hash': 16, 'gamma': 0.8, 'mutations': 3, 'den_mut': 7, 'gamma_mut': 0.99},)
Fitness: 4.303822102779858
Total time took: 68.63901853561401
----------------------------------------------------------------------------------------------------
Generation 3
Best individual: ({'ctx': 5, 'den': 20, 'hash': 16, 'gamma': 0.8, 'mutations': 3, 'den_mut': 7, 'gamma_mut': 0.99},)
Fitness: 4.303822102779858
Total time took: 72.09788489341736
----------------------------------------------------------------------------------------------------
Generation 4
Best individual: ({'ctx': 5, 'den': 20, 'hash': 16, 'gamma': 0.8, 'mutations': 3, 'den_mut': 5, 'gamma_mut': 0.99},)
Fitness: 4.3040187064422835
Total time took: 73.69958734512329
----------------------------------------------------------------------------------------------------
Generation 5
Best individual: ({'ctx': 5, 'den': 20, 'hash': 16, 'gamma': 0.8, 'mutations': 3, 'den_mut': 5, 'gamma_mut': 0.99},)
Fitness: 4.3040187064422835
Total time took: 74.65860915184021
----------------------------------------------------------------------------------------------------
Generation 6
Best individual: ({'ctx': 5, 'den': 20, 'hash': 16, 'gamma': 0.8, 'mutations': 3, 'den_mut': 5, 'gamma_mut': 0.99},)
Fitness: 4.3040187064422835
Total time took: 74.22385549545288
----------------------------------------------------------------------------------------------------
Generation 7
Best individual: ({'ctx': 5, 'den': 20, 'hash': 16, 'gamma': 0.8, 'mutations': 3, 'den_mut': 5, 'gamma_mut': 0.99},)
Fitness: 4.3040187064422835
Total time took: 76.95668911933899
----------------------------------------------------------------------------------------------------
Generation 8
Best individual: ({'ctx': 5, 'den': 20, 'hash': 16, 'gamma': 0.8, 'mutations': 3, 'den_mut': 5, 'gamma_mut': 0.99},)
Fitness: 4.3040187064422835
Total time took: 78.698326587677
----------------------------------------------------------------------------------------------------
Generation 9
Best individual: ({'ctx': 5, 'den': 20, 'hash': 16, 'gamma': 0.8, 'mutations': 3, 'den_mut': 5, 'gamma_mut': 0.99},)
Fitness: 4.3040187064422835
Total time took: 77.88895630836487
----------------------------------------------------------------------------------------------------
Generation 10
Best individual: ({'ctx': 5, 'den': 20, 'hash': 16, 'gamma': 0.99, 'mutations': 1, 'den_mut': 4, 'gamma_mut': 0.95},)
Fitness: 4.3040555716287
Total time took: 80.2382333278656
----------------------------------------------------------------------------------------------------
Generation 11
Best individual: ({'ctx': 5, 'den': 20, 'hash': 16, 'gamma': 0.99, 'mutations': 2, 'den_mut': 4, 'gamma_mut': 0.95},)
Fitness: 4.3040555716287
Total time took: 78.59602689743042
----------------------------------------------------------------------------------------------------
Generation 12
Best individual: ({'ctx': 5, 'den': 20, 'hash': 16, 'gamma': 0.99, 'mutations': 5, 'den_mut': 4, 'gamma_mut': 0.95},)
Fitness: 4.3040555716287
Total time took: 80.27066040039062
----------------------------------------------------------------------------------------------------
Generation 13
Best individual: ({'ctx': 5, 'den': 20, 'hash': 16, 'gamma': 0.99, 'mutations': 3, 'den_mut': 4, 'gamma_mut': 0.95},)
Fitness: 4.3040555716287
Total time took: 76.59702801704407
----------------------------------------------------------------------------------------------------
Generation 14
Best individual: ({'ctx': 5, 'den': 20, 'hash': 16, 'gamma': 0.99, 'mutations': 2, 'den_mut': 4, 'gamma_mut': 0.95},)
Fitness: 4.3040555716287
Total time took: 75.78489279747009
----------------------------------------------------------------------------------------------------
Generation 15
Best individual: ({'ctx': 5, 'den': 20, 'hash': 16, 'gamma': 0.99, 'mutations': 1, 'den_mut': 4, 'gamma_mut': 0.95},)
Fitness: 4.3040555716287
Total time took: 76.87056756019592
----------------------------------------------------------------------------------------------------
Generation 16
Best individual: ({'ctx': 5, 'den': 20, 'hash': 16, 'gamma': 0.99, 'mutations': 3, 'den_mut': 4, 'gamma_mut': 0.95},)
Fitness: 4.3040555716287
Total time took: 75.6641993522644
----------------------------------------------------------------------------------------------------
Generation 17
Best individual: ({'ctx': 5, 'den': 20, 'hash': 16, 'gamma': 0.99, 'mutations': 2, 'den_mut': 4, 'gamma_mut': 0.95},)
Fitness: 4.3040555716287
Total time took: 76.50721311569214
----------------------------------------------------------------------------------------------------
Generation 18
Best individual: ({'ctx': 5, 'den': 20, 'hash': 16, 'gamma': 0.99, 'mutations': 3, 'den_mut': 4, 'gamma_mut': 0.95},)
Fitness: 4.3040555716287
Total time took: 78.89042806625366
----------------------------------------------------------------------------------------------------
Generation 19
Best individual: ({'ctx': 5, 'den': 20, 'hash': 16, 'gamma': 0.99, 'mutations': 2, 'den_mut': 4, 'gamma_mut': 0.95},)
Fitness: 4.3040555716287
Total time took: 78.11524057388306
----------------------------------------------------------------------------------------------------
Generation 20
Best individual: ({'ctx': 5, 'den': 20, 'hash': 16, 'gamma': 0.99, 'mutations': 4, 'den_mut': 4, 'gamma_mut': 0.95},)
Fitness: 4.3040555716287
Total time took: 77.28205585479736
----------------------------------------------------------------------------------------------------
Generation 21
Best individual: ({'ctx': 5, 'den': 20, 'hash': 16, 'gamma': 0.99, 'mutations': 1, 'den_mut': 4, 'gamma_mut': 0.95},)
Fitness: 4.3040555716287
Total time took: 76.22897243499756
----------------------------------------------------------------------------------------------------
Generation 22
Best individual: ({'ctx': 5, 'den': 20, 'hash': 16, 'gamma': 0.99, 'mutations': 5, 'den_mut': 4, 'gamma_mut': 0.95},)
Fitness: 4.3040555716287
Total time took: 78.78879952430725
----------------------------------------------------------------------------------------------------
Generation 23
Best individual: ({'ctx': 5, 'den': 20, 'hash': 16, 'gamma': 0.99, 'mutations': 4, 'den_mut': 4, 'gamma_mut': 0.95},)
Fitness: 4.3040555716287
Total time took: 79.18048930168152
----------------------------------------------------------------------------------------------------
Generation 24
Best individual: ({'ctx': 5, 'den': 20, 'hash': 16, 'gamma': 0.99, 'mutations': 4, 'den_mut': 4, 'gamma_mut': 0.95},)
Fitness: 4.3040555716287
Total time took: 77.7026481628418
----------------------------------------------------------------------------------------------------
Generation 25
Best individual: ({'ctx': 5, 'den': 20, 'hash': 16, 'gamma': 0.99, 'mutations': 3, 'den_mut': 4, 'gamma_mut': 0.95},)
Fitness: 4.3040555716287
Total time took: 77.9412169456482
----------------------------------------------------------------------------------------------------
Generation 26
Best individual: ({'ctx': 5, 'den': 20, 'hash': 16, 'gamma': 0.99, 'mutations': 5, 'den_mut': 4, 'gamma_mut': 0.95},)
Fitness: 4.3040555716287
Total time took: 78.48557305335999
----------------------------------------------------------------------------------------------------
Generation 27
Best individual: ({'ctx': 5, 'den': 20, 'hash': 16, 'gamma': 0.99, 'mutations': 3, 'den_mut': 4, 'gamma_mut': 0.95},)
Fitness: 4.3040555716287
Total time took: 76.36056923866272
----------------------------------------------------------------------------------------------------
Generation 28
Best individual: ({'ctx': 5, 'den': 20, 'hash': 16, 'gamma': 0.99, 'mutations': 1, 'den_mut': 4, 'gamma_mut': 0.95},)
Fitness: 4.3040555716287
Total time took: 78.17060422897339
----------------------------------------------------------------------------------------------------
Generation 29
Best individual: ({'ctx': 5, 'den': 20, 'hash': 16, 'gamma': 0.99, 'mutations': 1, 'den_mut': 4, 'gamma_mut': 0.95},)
Fitness: 4.3040555716287
Total time took: 78.1542592048645
----------------------------------------------------------------------------------------------------
Generation 30
Best individual: ({'ctx': 5, 'den': 20, 'hash': 16, 'gamma': 0.99, 'mutations': 4, 'den_mut': 4, 'gamma_mut': 0.95},)
Fitness: 4.3040555716287
Total time took: 80.64271378517151
----------------------------------------------------------------------------------------------------
Generation 31
Best individual: ({'ctx': 5, 'den': 20, 'hash': 16, 'gamma': 0.99, 'mutations': 5, 'den_mut': 4, 'gamma_mut': 0.95},)
Fitness: 4.3040555716287
Total time took: 78.67158365249634
----------------------------------------------------------------------------------------------------
Generation 32
Best individual: ({'ctx': 5, 'den': 20, 'hash': 16, 'gamma': 0.99, 'mutations': 5, 'den_mut': 4, 'gamma_mut': 0.95},)
Fitness: 4.3040555716287
Total time took: 77.53183102607727
----------------------------------------------------------------------------------------------------
Generation 33
Best individual: ({'ctx': 5, 'den': 20, 'hash': 16, 'gamma': 0.99, 'mutations': 3, 'den_mut': 4, 'gamma_mut': 0.95},)
Fitness: 4.3040555716287
Total time took: 75.60551738739014
----------------------------------------------------------------------------------------------------
Generation 34
Best individual: ({'ctx': 5, 'den': 20, 'hash': 16, 'gamma': 0.99, 'mutations': 4, 'den_mut': 4, 'gamma_mut': 0.95},)
Fitness: 4.3040555716287
Total time took: 77.3151261806488
----------------------------------------------------------------------------------------------------
Generation 35
Best individual: ({'ctx': 5, 'den': 20, 'hash': 16, 'gamma': 0.99, 'mutations': 3, 'den_mut': 4, 'gamma_mut': 0.95},)
Fitness: 4.3040555716287
Total time took: 75.94386053085327
----------------------------------------------------------------------------------------------------
Generation 36
Best individual: ({'ctx': 5, 'den': 20, 'hash': 16, 'gamma': 0.99, 'mutations': 1, 'den_mut': 4, 'gamma_mut': 0.95},)
Fitness: 4.3040555716287
Total time took: 79.24994254112244
----------------------------------------------------------------------------------------------------
Generation 37
Best individual: ({'ctx': 5, 'den': 20, 'hash': 16, 'gamma': 0.99, 'mutations': 2, 'den_mut': 4, 'gamma_mut': 0.95},)
Fitness: 4.3040555716287
Total time took: 76.62501549720764
----------------------------------------------------------------------------------------------------
Generation 38
Best individual: ({'ctx': 5, 'den': 20, 'hash': 16, 'gamma': 0.99, 'mutations': 3, 'den_mut': 4, 'gamma_mut': 0.95},)
Fitness: 4.3040555716287
Total time took: 76.90283060073853
----------------------------------------------------------------------------------------------------
Generation 39
Best individual: ({'ctx': 5, 'den': 20, 'hash': 16, 'gamma': 0.99, 'mutations': 2, 'den_mut': 4, 'gamma_mut': 0.95},)
Fitness: 4.3040555716287
Total time took: 77.54935884475708
----------------------------------------------------------------------------------------------------
Generation 40
Best individual: ({'ctx': 5, 'den': 20, 'hash': 16, 'gamma': 0.99, 'mutations': 1, 'den_mut': 4, 'gamma_mut': 0.95},)
Fitness: 4.3040555716287
Total time took: 77.68513202667236
----------------------------------------------------------------------------------------------------
Generation 41
Best individual: ({'ctx': 5, 'den': 20, 'hash': 16, 'gamma': 0.99, 'mutations': 1, 'den_mut': 4, 'gamma_mut': 0.95},)
Fitness: 4.3040555716287
Total time took: 76.75581765174866
----------------------------------------------------------------------------------------------------
Generation 42
Best individual: ({'ctx': 5, 'den': 20, 'hash': 16, 'gamma': 0.99, 'mutations': 5, 'den_mut': 4, 'gamma_mut': 0.95},)
Fitness: 4.3040555716287
Total time took: 79.34971499443054
----------------------------------------------------------------------------------------------------
Generation 43
Best individual: ({'ctx': 5, 'den': 20, 'hash': 16, 'gamma': 0.99, 'mutations': 1, 'den_mut': 4, 'gamma_mut': 0.95},)
Fitness: 4.3040555716287
Total time took: 77.83772993087769
----------------------------------------------------------------------------------------------------
Generation 44
Best individual: ({'ctx': 5, 'den': 20, 'hash': 16, 'gamma': 0.99, 'mutations': 1, 'den_mut': 4, 'gamma_mut': 0.95},)
Fitness: 4.3040555716287
Total time took: 78.60272192955017
----------------------------------------------------------------------------------------------------
Generation 45
Best individual: ({'ctx': 5, 'den': 20, 'hash': 16, 'gamma': 0.99, 'mutations': 5, 'den_mut': 4, 'gamma_mut': 0.95},)
Fitness: 4.3040555716287
Total time took: 77.28338718414307
----------------------------------------------------------------------------------------------------
Generation 46
Best individual: ({'ctx': 5, 'den': 20, 'hash': 16, 'gamma': 0.99, 'mutations': 1, 'den_mut': 4, 'gamma_mut': 0.95},)
Fitness: 4.3040555716287
Total time took: 79.20508885383606
----------------------------------------------------------------------------------------------------
Generation 47
Best individual: ({'ctx': 5, 'den': 20, 'hash': 16, 'gamma': 0.99, 'mutations': 5, 'den_mut': 4, 'gamma_mut': 0.95},)
Fitness: 4.3040555716287
Total time took: 74.86988091468811
----------------------------------------------------------------------------------------------------
Generation 48
Best individual: ({'ctx': 5, 'den': 20, 'hash': 16, 'gamma': 0.99, 'mutations': 3, 'den_mut': 4, 'gamma_mut': 0.95},)
Fitness: 4.3040555716287
Total time took: 80.8502984046936
----------------------------------------------------------------------------------------------------
Generation 49
Best individual: ({'ctx': 5, 'den': 20, 'hash': 16, 'gamma': 0.99, 'mutations': 3, 'den_mut': 4, 'gamma_mut': 0.95},)
Fitness: 4.3040555716287
Total time took: 77.81735253334045
----------------------------------------------------------------------------------------------------
Generation 50
Best individual: ({'ctx': 5, 'den': 20, 'hash': 16, 'gamma': 0.99, 'mutations': 1, 'den_mut': 4, 'gamma_mut': 0.95},)
Fitness: 4.3040555716287
Total time took: 80.48428511619568
----------------------------------------------------------------------------------------------------
Best parameters found: ({'ctx': 5, 'den': 20, 'hash': 16, 'gamma': 0.99, 'mutations': 1, 'den_mut': 4, 'gamma_mut': 0.95},) with fitness 4.3040555716287
------------ ------------
End Time: 2025-02-10 01:57:26 WET
