Job Information for Job ID: 3308 from paulojnpinto02
------------ ------------
Account: students
CPUs per Node: 32
RAM: 150G
Partition: cpu
QOS: students-qos
Start Time: 2025-02-10 16:50:02 WET
Running On Node: cpu-srv-03
------------ ------------
Initial Generation
Best individual from Initial Generation: ({'level': -6, 'window_log': 27, 'chain_log': 12, 'hash_log': 26, 'search_log': 6, 'min_match': 3, 'target_length': 65536, 'strategy': 5},)
Fitness: 3.295343498312406
Total time took: 302.32014203071594
----------------------------------------------------------------------------------------------------
Generation 2
Best individual: ({'level': 13, 'window_log': 23, 'chain_log': 23, 'hash_log': 24, 'search_log': 10, 'min_match': 6, 'target_length': 4096, 'strategy': 4},)
Fitness: 3.382636991193706
Total time took: 302.119505405426
----------------------------------------------------------------------------------------------------
Generation 3
Best individual: ({'level': -49, 'window_log': 30, 'chain_log': 23, 'hash_log': 27, 'search_log': 8, 'min_match': 6, 'target_length': 65536, 'strategy': 5},)
Fitness: 3.46998949533403
Total time took: 176.23311305046082
----------------------------------------------------------------------------------------------------
Generation 4
Best individual: ({'level': -49, 'window_log': 10, 'chain_log': 23, 'hash_log': 27, 'search_log': 4, 'min_match': 6, 'target_length': 65536, 'strategy': 5},)
Fitness: 3.46998949533403
Total time took: 161.98429942131042
----------------------------------------------------------------------------------------------------
Generation 5
Best individual: ({'level': 19, 'window_log': 27, 'chain_log': 20, 'hash_log': 23, 'search_log': 6, 'min_match': 4, 'target_length': 8192, 'strategy': 0},)
Fitness: 4.0736892912498766
Total time took: 413.97875332832336
----------------------------------------------------------------------------------------------------
Generation 6
Best individual: ({'level': 19, 'window_log': 27, 'chain_log': 25, 'hash_log': 23, 'search_log': 6, 'min_match': 4, 'target_length': 8192, 'strategy': 2},)
Fitness: 4.0736892912498766
Total time took: 159.97868394851685
----------------------------------------------------------------------------------------------------
Generation 7
Best individual: ({'level': 19, 'window_log': 27, 'chain_log': 25, 'hash_log': 23, 'search_log': 6, 'min_match': 4, 'target_length': 8192, 'strategy': 4},)
Fitness: 4.0736892912498766
Total time took: 215.90364933013916
----------------------------------------------------------------------------------------------------
Generation 8
Best individual: ({'level': 19, 'window_log': 27, 'chain_log': 22, 'hash_log': 23, 'search_log': 6, 'min_match': 4, 'target_length': 8192, 'strategy': 4},)
Fitness: 4.0736892912498766
Total time took: 167.7973437309265
----------------------------------------------------------------------------------------------------
Generation 9
Best individual: ({'level': 19, 'window_log': 27, 'chain_log': 9, 'hash_log': 23, 'search_log': 6, 'min_match': 4, 'target_length': 8192, 'strategy': 5},)
Fitness: 4.0736892912498766
Total time took: 183.6817741394043
----------------------------------------------------------------------------------------------------
Generation 10
Best individual: ({'level': 19, 'window_log': 27, 'chain_log': 14, 'hash_log': 23, 'search_log': 6, 'min_match': 4, 'target_length': 8192, 'strategy': 4},)
Fitness: 4.0736892912498766
Total time took: 207.90285992622375
----------------------------------------------------------------------------------------------------
Generation 11
Best individual: ({'level': 19, 'window_log': 27, 'chain_log': 25, 'hash_log': 23, 'search_log': 6, 'min_match': 4, 'target_length': 8192, 'strategy': 0},)
Fitness: 4.0736892912498766
Total time took: 243.94447827339172
----------------------------------------------------------------------------------------------------
Generation 12
Best individual: ({'level': 19, 'window_log': 27, 'chain_log': 10, 'hash_log': 23, 'search_log': 6, 'min_match': 4, 'target_length': 8192, 'strategy': 3},)
Fitness: 4.0736892912498766
Total time took: 293.39287853240967
----------------------------------------------------------------------------------------------------
Generation 13
Best individual: ({'level': 19, 'window_log': 27, 'chain_log': 12, 'hash_log': 23, 'search_log': 6, 'min_match': 4, 'target_length': 8192, 'strategy': 1},)
Fitness: 4.0736892912498766
Total time took: 170.56801295280457
----------------------------------------------------------------------------------------------------
Generation 14
Best individual: ({'level': 19, 'window_log': 27, 'chain_log': 16, 'hash_log': 23, 'search_log': 6, 'min_match': 4, 'target_length': 8192, 'strategy': 3},)
Fitness: 4.0736892912498766
Total time took: 175.52208423614502
----------------------------------------------------------------------------------------------------
Generation 15
Best individual: ({'level': 19, 'window_log': 27, 'chain_log': 22, 'hash_log': 23, 'search_log': 6, 'min_match': 4, 'target_length': 8192, 'strategy': 1},)
Fitness: 4.0736892912498766
Total time took: 203.1161551475525
----------------------------------------------------------------------------------------------------
Generation 16
Best individual: ({'level': 19, 'window_log': 27, 'chain_log': 19, 'hash_log': 23, 'search_log': 6, 'min_match': 4, 'target_length': 8192, 'strategy': 1},)
Fitness: 4.0736892912498766
Total time took: 266.6869933605194
----------------------------------------------------------------------------------------------------
Generation 17
Best individual: ({'level': 19, 'window_log': 27, 'chain_log': 6, 'hash_log': 23, 'search_log': 6, 'min_match': 4, 'target_length': 8192, 'strategy': 1},)
Fitness: 4.0736892912498766
Total time took: 299.04835176467896
----------------------------------------------------------------------------------------------------
Generation 18
Best individual: ({'level': 19, 'window_log': 27, 'chain_log': 27, 'hash_log': 23, 'search_log': 6, 'min_match': 4, 'target_length': 8192, 'strategy': 0},)
Fitness: 4.0736892912498766
Total time took: 412.8404748439789
----------------------------------------------------------------------------------------------------
Generation 19
Best individual: ({'level': 19, 'window_log': 27, 'chain_log': 18, 'hash_log': 23, 'search_log': 6, 'min_match': 4, 'target_length': 8192, 'strategy': 0},)
Fitness: 4.0736892912498766
Total time took: 317.23724365234375
----------------------------------------------------------------------------------------------------
Generation 20
Best individual: ({'level': 19, 'window_log': 27, 'chain_log': 6, 'hash_log': 23, 'search_log': 6, 'min_match': 4, 'target_length': 8192, 'strategy': 3},)
Fitness: 4.0736892912498766
Total time took: 295.0868549346924
----------------------------------------------------------------------------------------------------
Generation 21
Best individual: ({'level': 19, 'window_log': 27, 'chain_log': 24, 'hash_log': 23, 'search_log': 6, 'min_match': 4, 'target_length': 8192, 'strategy': 5},)
Fitness: 4.0736892912498766
Total time took: 184.1697392463684
----------------------------------------------------------------------------------------------------
Generation 22
Best individual: ({'level': 19, 'window_log': 27, 'chain_log': 23, 'hash_log': 23, 'search_log': 6, 'min_match': 4, 'target_length': 8192, 'strategy': 0},)
Fitness: 4.0736892912498766
Total time took: 233.75984358787537
----------------------------------------------------------------------------------------------------
Generation 23
Best individual: ({'level': 18, 'window_log': 27, 'chain_log': 20, 'hash_log': 13, 'search_log': 6, 'min_match': 3, 'target_length': 4096, 'strategy': 0},)
Fitness: 4.07414773357914
Total time took: 393.47563123703003
----------------------------------------------------------------------------------------------------
Generation 24
Best individual: ({'level': 18, 'window_log': 27, 'chain_log': 17, 'hash_log': 13, 'search_log': 5, 'min_match': 3, 'target_length': 4096, 'strategy': 0},)
Fitness: 4.07414773357914
Total time took: 360.884165763855
----------------------------------------------------------------------------------------------------
Generation 25
Best individual: ({'level': 18, 'window_log': 27, 'chain_log': 11, 'hash_log': 13, 'search_log': 3, 'min_match': 3, 'target_length': 4096, 'strategy': 0},)
Fitness: 4.07414773357914
Total time took: 317.0295732021332
----------------------------------------------------------------------------------------------------
Generation 26
Best individual: ({'level': 18, 'window_log': 27, 'chain_log': 26, 'hash_log': 13, 'search_log': 7, 'min_match': 3, 'target_length': 4096, 'strategy': 0},)
Fitness: 4.07414773357914
Total time took: 275.1052722930908
----------------------------------------------------------------------------------------------------
Generation 27
Best individual: ({'level': 18, 'window_log': 29, 'chain_log': 29, 'hash_log': 13, 'search_log': 10, 'min_match': 5, 'target_length': 8192, 'strategy': 0},)
Fitness: 4.116579187892473
Total time took: 436.5080008506775
----------------------------------------------------------------------------------------------------
Generation 28
Best individual: ({'level': 18, 'window_log': 29, 'chain_log': 29, 'hash_log': 24, 'search_log': 10, 'min_match': 5, 'target_length': 8192, 'strategy': 0},)
Fitness: 4.116579187892473
Total time took: 326.8093008995056
----------------------------------------------------------------------------------------------------
Generation 29
Best individual: ({'level': 18, 'window_log': 29, 'chain_log': 29, 'hash_log': 27, 'search_log': 10, 'min_match': 5, 'target_length': 8192, 'strategy': 0},)
Fitness: 4.116579187892473
Total time took: 365.1988205909729
----------------------------------------------------------------------------------------------------
Generation 30
Best individual: ({'level': 18, 'window_log': 29, 'chain_log': 29, 'hash_log': 29, 'search_log': 10, 'min_match': 5, 'target_length': 8192, 'strategy': 0},)
Fitness: 4.116579187892473
Total time took: 360.93886256217957
----------------------------------------------------------------------------------------------------
Generation 31
Best individual: ({'level': 18, 'window_log': 29, 'chain_log': 29, 'hash_log': 25, 'search_log': 10, 'min_match': 5, 'target_length': 131072, 'strategy': 0},)
Fitness: 4.116585745205105
Total time took: 505.8543312549591
----------------------------------------------------------------------------------------------------
Generation 32
Best individual: ({'level': 18, 'window_log': 29, 'chain_log': 29, 'hash_log': 21, 'search_log': 10, 'min_match': 5, 'target_length': 131072, 'strategy': 0},)
Fitness: 4.116585745205105
Total time took: 625.7428834438324
----------------------------------------------------------------------------------------------------
Generation 33
Best individual: ({'level': 18, 'window_log': 29, 'chain_log': 29, 'hash_log': 16, 'search_log': 10, 'min_match': 5, 'target_length': 131072, 'strategy': 0},)
Fitness: 4.116585745205105
Total time took: 638.7562854290009
----------------------------------------------------------------------------------------------------
Generation 34
Best individual: ({'level': 18, 'window_log': 29, 'chain_log': 29, 'hash_log': 15, 'search_log': 10, 'min_match': 5, 'target_length': 131072, 'strategy': 0},)
Fitness: 4.116585745205105
Total time took: 552.8225934505463
----------------------------------------------------------------------------------------------------
Generation 35
Best individual: ({'level': 18, 'window_log': 29, 'chain_log': 29, 'hash_log': 20, 'search_log': 10, 'min_match': 5, 'target_length': 131072, 'strategy': 0},)
Fitness: 4.116585745205105
Total time took: 579.2736229896545
----------------------------------------------------------------------------------------------------
Generation 36
Best individual: ({'level': 18, 'window_log': 29, 'chain_log': 29, 'hash_log': 10, 'search_log': 10, 'min_match': 5, 'target_length': 131072, 'strategy': 0},)
Fitness: 4.116585745205105
Total time took: 582.5779519081116
----------------------------------------------------------------------------------------------------
Generation 37
Best individual: ({'level': 21, 'window_log': 29, 'chain_log': 29, 'hash_log': 25, 'search_log': 10, 'min_match': 5, 'target_length': 8192, 'strategy': 0},)
Fitness: 4.116745386767725
Total time took: 569.5279128551483
----------------------------------------------------------------------------------------------------
Generation 38
Best individual: ({'level': 21, 'window_log': 29, 'chain_log': 29, 'hash_log': 25, 'search_log': 10, 'min_match': 5, 'target_length': 8192, 'strategy': 0},)
Fitness: 4.116745386767725
Total time took: 505.8275029659271
----------------------------------------------------------------------------------------------------
Generation 39
Best individual: ({'level': 21, 'window_log': 29, 'chain_log': 29, 'hash_log': 25, 'search_log': 10, 'min_match': 5, 'target_length': 8192, 'strategy': 0},)
Fitness: 4.116745386767725
Total time took: 634.847813129425
----------------------------------------------------------------------------------------------------
Generation 40
Best individual: ({'level': 21, 'window_log': 29, 'chain_log': 29, 'hash_log': 25, 'search_log': 10, 'min_match': 5, 'target_length': 8192, 'strategy': 0},)
Fitness: 4.116745386767725
Total time took: 542.0830497741699
----------------------------------------------------------------------------------------------------
Generation 41
Best individual: ({'level': 21, 'window_log': 29, 'chain_log': 29, 'hash_log': 25, 'search_log': 10, 'min_match': 5, 'target_length': 8192, 'strategy': 0},)
Fitness: 4.116745386767725
Total time took: 457.91376781463623
----------------------------------------------------------------------------------------------------
Generation 42
Best individual: ({'level': 21, 'window_log': 29, 'chain_log': 29, 'hash_log': 25, 'search_log': 10, 'min_match': 5, 'target_length': 8192, 'strategy': 0},)
Fitness: 4.116745386767725
Total time took: 627.7566361427307
----------------------------------------------------------------------------------------------------
Generation 43
Best individual: ({'level': 21, 'window_log': 29, 'chain_log': 29, 'hash_log': 25, 'search_log': 3, 'min_match': 5, 'target_length': 8192, 'strategy': 0},)
Fitness: 4.116767630343996
Total time took: 610.273166179657
----------------------------------------------------------------------------------------------------
Generation 44
Best individual: ({'level': 21, 'window_log': 29, 'chain_log': 29, 'hash_log': 25, 'search_log': 10, 'min_match': 5, 'target_length': 8192, 'strategy': 0},)
Fitness: 4.116767630343996
Total time took: 552.5884199142456
----------------------------------------------------------------------------------------------------
Generation 45
Best individual: ({'level': 21, 'window_log': 29, 'chain_log': 29, 'hash_log': 25, 'search_log': 2, 'min_match': 5, 'target_length': 8192, 'strategy': 0},)
Fitness: 4.116767630343996
Total time took: 619.4606783390045
----------------------------------------------------------------------------------------------------
Generation 46
Best individual: ({'level': 21, 'window_log': 29, 'chain_log': 29, 'hash_log': 25, 'search_log': 10, 'min_match': 5, 'target_length': 8192, 'strategy': 0},)
Fitness: 4.116767630343996
Total time took: 559.8307094573975
----------------------------------------------------------------------------------------------------
Generation 47
Best individual: ({'level': 21, 'window_log': 29, 'chain_log': 29, 'hash_log': 25, 'search_log': 1, 'min_match': 5, 'target_length': 8192, 'strategy': 0},)
Fitness: 4.116767630343996
Total time took: 561.4889938831329
----------------------------------------------------------------------------------------------------
Generation 48
Best individual: ({'level': 21, 'window_log': 29, 'chain_log': 29, 'hash_log': 25, 'search_log': 5, 'min_match': 5, 'target_length': 8192, 'strategy': 0},)
Fitness: 4.116767630343996
Total time took: 630.103129863739
----------------------------------------------------------------------------------------------------
Generation 49
Best individual: ({'level': 21, 'window_log': 29, 'chain_log': 29, 'hash_log': 25, 'search_log': 3, 'min_match': 5, 'target_length': 8192, 'strategy': 0},)
Fitness: 4.116767630343996
Total time took: 621.435661315918
----------------------------------------------------------------------------------------------------
Generation 50
Best individual: ({'level': 20, 'window_log': 29, 'chain_log': 30, 'hash_log': 24, 'search_log': 10, 'min_match': 5, 'target_length': 32768, 'strategy': 0},)
Fitness: 4.11757343522839
Total time took: 601.9774277210236
----------------------------------------------------------------------------------------------------
Best parameters found: ({'level': 20, 'window_log': 29, 'chain_log': 30, 'hash_log': 24, 'search_log': 10, 'min_match': 5, 'target_length': 32768, 'strategy': 0},) with fitness 4.11757343522839
Initial Generation
Best individual from Initial Generation: ({'dict_size': 134217728, 'lc': 2, 'lp': 2, 'pb': 3, 'mode': 1, 'mf': 'bt4', 'nice_len': 128, 'depth': 200},)
Fitness: 4.090942050547649
Total time took: 5880.250235319138
----------------------------------------------------------------------------------------------------
Generation 2
Best individual: ({'dict_size': 134217728, 'lc': 2, 'lp': 2, 'pb': 1, 'mode': 1, 'mf': 'bt4', 'nice_len': 64, 'depth': 200},)
Fitness: 4.091703896102563
Total time took: 8815.018640756607
----------------------------------------------------------------------------------------------------
Generation 3
Best individual: ({'dict_size': 536870912, 'lc': 0, 'lp': 3, 'pb': 1, 'mode': 1, 'mf': 'bt3', 'nice_len': 64, 'depth': 100},)
Fitness: 4.131112606283515
Total time took: 12010.210438728333
----------------------------------------------------------------------------------------------------
Generation 4
Best individual: ({'dict_size': 536870912, 'lc': 4, 'lp': 0, 'pb': 3, 'mode': 1, 'mf': 'bt3', 'nice_len': 273, 'depth': 500},)
Fitness: 4.135792596796716
Total time took: 8352.623136997223
----------------------------------------------------------------------------------------------------
Generation 5
Best individual: ({'dict_size': 536870912, 'lc': 4, 'lp': 0, 'pb': 3, 'mode': 1, 'mf': 'bt3', 'nice_len': 273, 'depth': 500},)
Fitness: 4.135792596796716
Total time took: 5689.488384485245
----------------------------------------------------------------------------------------------------
Generation 6
Best individual: ({'dict_size': 536870912, 'lc': 3, 'lp': 0, 'pb': 1, 'mode': 1, 'mf': 'bt4', 'nice_len': 273, 'depth': 1000},)
Fitness: 4.136547082214318
Total time took: 5075.493452787399
----------------------------------------------------------------------------------------------------
Generation 7
Best individual: ({'dict_size': 536870912, 'lc': 4, 'lp': 0, 'pb': 1, 'mode': 1, 'mf': 'bt3', 'nice_len': 273, 'depth': 500},)
Fitness: 4.137206789161298
Total time took: 5443.005160331726
----------------------------------------------------------------------------------------------------
Generation 8
Best individual: ({'dict_size': 536870912, 'lc': 4, 'lp': 0, 'pb': 1, 'mode': 1, 'mf': 'bt3', 'nice_len': 273, 'depth': 500},)
Fitness: 4.137206789161298
Total time took: 5220.811929702759
----------------------------------------------------------------------------------------------------
Generation 9
Best individual: ({'dict_size': 536870912, 'lc': 2, 'lp': 0, 'pb': 1, 'mode': 1, 'mf': 'bt3', 'nice_len': 64, 'depth': 1000},)
Fitness: 4.137317417163902
Total time took: 4755.130231618881
----------------------------------------------------------------------------------------------------
Generation 10
Best individual: ({'dict_size': 536870912, 'lc': 2, 'lp': 0, 'pb': 2, 'mode': 1, 'mf': 'bt3', 'nice_len': 273, 'depth': 500},)
Fitness: 4.137843249571503
Total time took: 4363.688118457794
----------------------------------------------------------------------------------------------------
Generation 11
Best individual: ({'dict_size': 536870912, 'lc': 4, 'lp': 0, 'pb': 0, 'mode': 1, 'mf': 'bt2', 'nice_len': 64, 'depth': 500},)
Fitness: 4.1380991421443305
Total time took: 18671.20105624199
----------------------------------------------------------------------------------------------------
Generation 12
------------ ------------
End Time: 2025-02-11 23:50:23 WET
