Job Information for Job ID: 3282 from paulojnpinto02
------------ ------------
Account: students
CPUs per Node: 32
RAM: 150G
Partition: cpu
QOS: students-qos
Start Time: 2025-02-10 02:49:41 WET
Running On Node: cpu-srv-03
------------ ------------
Initial Generation
Best individual from Initial Generation: ({'dict_size': 536870912, 'lc': 4, 'lp': 0, 'pb': 1, 'mode': 1, 'mf': 'bt2', 'nice_len': 128, 'depth': 100},)
Fitness: 3.8951969089888068
Total time took: 12.572548866271973
----------------------------------------------------------------------------------------------------
Generation 2
Best individual: ({'dict_size': 33554432, 'lc': 2, 'lp': 0, 'pb': 0, 'mode': 1, 'mf': 'bt3', 'nice_len': 273, 'depth': 100},)
Fitness: 3.895680075803256
Total time took: 27.861727952957153
----------------------------------------------------------------------------------------------------
Generation 3
Best individual: ({'dict_size': 33554432, 'lc': 2, 'lp': 0, 'pb': 0, 'mode': 1, 'mf': 'bt3', 'nice_len': 273, 'depth': 100},)
Fitness: 3.895680075803256
Total time took: 18.745628833770752
----------------------------------------------------------------------------------------------------
Generation 4
Best individual: ({'dict_size': 33554432, 'lc': 2, 'lp': 0, 'pb': 0, 'mode': 1, 'mf': 'bt3', 'nice_len': 273, 'depth': 100},)
Fitness: 3.895680075803256
Total time took: 20.855443954467773
----------------------------------------------------------------------------------------------------
Generation 5
Best individual: ({'dict_size': 33554432, 'lc': 2, 'lp': 0, 'pb': 0, 'mode': 1, 'mf': 'bt3', 'nice_len': 273, 'depth': 100},)
Fitness: 3.895680075803256
Total time took: 22.956875801086426
----------------------------------------------------------------------------------------------------
Generation 6
Best individual: ({'dict_size': 67108864, 'lc': 2, 'lp': 0, 'pb': 0, 'mode': 1, 'mf': 'bt3', 'nice_len': 273, 'depth': 200},)
Fitness: 3.8962439219389142
Total time took: 38.81981945037842
----------------------------------------------------------------------------------------------------
Generation 7
Best individual: ({'dict_size': 1073741824, 'lc': 4, 'lp': 0, 'pb': 0, 'mode': 1, 'mf': 'bt3', 'nice_len': 128, 'depth': 200},)
Fitness: 3.897439278302895
Total time took: 21.81254529953003
----------------------------------------------------------------------------------------------------
Generation 8
Best individual: ({'dict_size': 131072, 'lc': 4, 'lp': 0, 'pb': 0, 'mode': 1, 'mf': 'bt3', 'nice_len': 128, 'depth': 200},)
Fitness: 3.897439278302895
Total time took: 22.55602741241455
----------------------------------------------------------------------------------------------------
Generation 9
Best individual: ({'dict_size': 8192, 'lc': 4, 'lp': 0, 'pb': 0, 'mode': 1, 'mf': 'bt3', 'nice_len': 128, 'depth': 200},)
Fitness: 3.897439278302895
Total time took: 23.538641214370728
----------------------------------------------------------------------------------------------------
Generation 10
Best individual: ({'dict_size': 268435456, 'lc': 4, 'lp': 0, 'pb': 0, 'mode': 1, 'mf': 'bt3', 'nice_len': 128, 'depth': 200},)
Fitness: 3.897439278302895
Total time took: 12.433197736740112
----------------------------------------------------------------------------------------------------
Generation 11
Best individual: ({'dict_size': 8192, 'lc': 4, 'lp': 0, 'pb': 0, 'mode': 1, 'mf': 'bt3', 'nice_len': 128, 'depth': 200},)
Fitness: 3.897439278302895
Total time took: 35.47503042221069
----------------------------------------------------------------------------------------------------
Generation 12
Best individual: ({'dict_size': 1048576, 'lc': 4, 'lp': 0, 'pb': 0, 'mode': 1, 'mf': 'bt3', 'nice_len': 128, 'depth': 200},)
Fitness: 3.897439278302895
Total time took: 14.71987533569336
----------------------------------------------------------------------------------------------------
Generation 13
Best individual: ({'dict_size': 32768, 'lc': 4, 'lp': 0, 'pb': 0, 'mode': 1, 'mf': 'bt3', 'nice_len': 128, 'depth': 200},)
Fitness: 3.897439278302895
Total time took: 26.683764934539795
----------------------------------------------------------------------------------------------------
Generation 14
Best individual: ({'dict_size': 268435456, 'lc': 4, 'lp': 0, 'pb': 0, 'mode': 1, 'mf': 'bt3', 'nice_len': 64, 'depth': 1000},)
Fitness: 3.898111148653308
Total time took: 25.93036389350891
----------------------------------------------------------------------------------------------------
Generation 15
Best individual: ({'dict_size': 268435456, 'lc': 4, 'lp': 0, 'pb': 0, 'mode': 1, 'mf': 'bt3', 'nice_len': 16, 'depth': 1000},)
Fitness: 3.898111148653308
Total time took: 20.68502378463745
----------------------------------------------------------------------------------------------------
Generation 16
Best individual: ({'dict_size': 268435456, 'lc': 4, 'lp': 0, 'pb': 0, 'mode': 1, 'mf': 'bt3', 'nice_len': 64, 'depth': 1000},)
Fitness: 3.898111148653308
Total time took: 22.36009907722473
----------------------------------------------------------------------------------------------------
Generation 17
Best individual: ({'dict_size': 268435456, 'lc': 4, 'lp': 0, 'pb': 0, 'mode': 1, 'mf': 'bt3', 'nice_len': 32, 'depth': 1000},)
Fitness: 3.898111148653308
Total time took: 10.61002254486084
----------------------------------------------------------------------------------------------------
Generation 18
Best individual: ({'dict_size': 268435456, 'lc': 4, 'lp': 0, 'pb': 0, 'mode': 1, 'mf': 'bt3', 'nice_len': 64, 'depth': 1000},)
Fitness: 3.898111148653308
Total time took: 38.91872310638428
----------------------------------------------------------------------------------------------------
Generation 19
Best individual: ({'dict_size': 268435456, 'lc': 4, 'lp': 0, 'pb': 0, 'mode': 1, 'mf': 'bt3', 'nice_len': 32, 'depth': 1000},)
Fitness: 3.898111148653308
Total time took: 41.491652727127075
----------------------------------------------------------------------------------------------------
Generation 20
Best individual: ({'dict_size': 268435456, 'lc': 4, 'lp': 0, 'pb': 0, 'mode': 1, 'mf': 'bt3', 'nice_len': 64, 'depth': 1000},)
Fitness: 3.898111148653308
Total time took: 36.342665672302246
----------------------------------------------------------------------------------------------------
Generation 21
Best individual: ({'dict_size': 268435456, 'lc': 4, 'lp': 0, 'pb': 0, 'mode': 1, 'mf': 'bt3', 'nice_len': 64, 'depth': 1000},)
Fitness: 3.898111148653308
Total time took: 43.798086404800415
----------------------------------------------------------------------------------------------------
Generation 22
Best individual: ({'dict_size': 268435456, 'lc': 4, 'lp': 0, 'pb': 0, 'mode': 1, 'mf': 'bt3', 'nice_len': 16, 'depth': 1000},)
Fitness: 3.898111148653308
Total time took: 27.070207834243774
----------------------------------------------------------------------------------------------------
Generation 23
Best individual: ({'dict_size': 268435456, 'lc': 4, 'lp': 0, 'pb': 0, 'mode': 1, 'mf': 'bt3', 'nice_len': 32, 'depth': 1000},)
Fitness: 3.898111148653308
Total time took: 42.5914409160614
----------------------------------------------------------------------------------------------------
Generation 24
Best individual: ({'dict_size': 268435456, 'lc': 4, 'lp': 0, 'pb': 0, 'mode': 1, 'mf': 'bt3', 'nice_len': 16, 'depth': 1000},)
Fitness: 3.898111148653308
Total time took: 39.55828595161438
----------------------------------------------------------------------------------------------------
Generation 25
Best individual: ({'dict_size': 268435456, 'lc': 4, 'lp': 0, 'pb': 0, 'mode': 1, 'mf': 'bt3', 'nice_len': 16, 'depth': 1000},)
Fitness: 3.898111148653308
Total time took: 10.264753341674805
----------------------------------------------------------------------------------------------------
Generation 26
Best individual: ({'dict_size': 268435456, 'lc': 4, 'lp': 0, 'pb': 0, 'mode': 1, 'mf': 'bt3', 'nice_len': 128, 'depth': 1000},)
Fitness: 3.898111148653308
Total time took: 24.2051203250885
----------------------------------------------------------------------------------------------------
Generation 27
Best individual: ({'dict_size': 268435456, 'lc': 4, 'lp': 0, 'pb': 0, 'mode': 1, 'mf': 'bt3', 'nice_len': 32, 'depth': 1000},)
Fitness: 3.898111148653308
Total time took: 40.375086307525635
----------------------------------------------------------------------------------------------------
Generation 28
Best individual: ({'dict_size': 268435456, 'lc': 4, 'lp': 0, 'pb': 0, 'mode': 1, 'mf': 'bt3', 'nice_len': 128, 'depth': 1000},)
Fitness: 3.898111148653308
Total time took: 32.71570539474487
----------------------------------------------------------------------------------------------------
Generation 29
Best individual: ({'dict_size': 268435456, 'lc': 4, 'lp': 0, 'pb': 0, 'mode': 1, 'mf': 'bt3', 'nice_len': 273, 'depth': 1000},)
Fitness: 3.898111148653308
Total time took: 25.49683380126953
----------------------------------------------------------------------------------------------------
Generation 30
Best individual: ({'dict_size': 268435456, 'lc': 4, 'lp': 0, 'pb': 0, 'mode': 1, 'mf': 'bt3', 'nice_len': 32, 'depth': 1000},)
Fitness: 3.898111148653308
Total time took: 45.872514963150024
----------------------------------------------------------------------------------------------------
Generation 31
Best individual: ({'dict_size': 268435456, 'lc': 4, 'lp': 0, 'pb': 0, 'mode': 1, 'mf': 'bt3', 'nice_len': 32, 'depth': 1000},)
Fitness: 3.898111148653308
Total time took: 24.696730136871338
----------------------------------------------------------------------------------------------------
Generation 32
Best individual: ({'dict_size': 268435456, 'lc': 4, 'lp': 0, 'pb': 0, 'mode': 1, 'mf': 'bt3', 'nice_len': 32, 'depth': 1000},)
Fitness: 3.898111148653308
Total time took: 23.09627890586853
----------------------------------------------------------------------------------------------------
Generation 33
Best individual: ({'dict_size': 268435456, 'lc': 4, 'lp': 0, 'pb': 0, 'mode': 1, 'mf': 'bt3', 'nice_len': 32, 'depth': 1000},)
Fitness: 3.898111148653308
Total time took: 35.94313716888428
----------------------------------------------------------------------------------------------------
Generation 34
Best individual: ({'dict_size': 268435456, 'lc': 4, 'lp': 0, 'pb': 0, 'mode': 1, 'mf': 'bt3', 'nice_len': 16, 'depth': 1000},)
Fitness: 3.898111148653308
Total time took: 34.73667860031128
----------------------------------------------------------------------------------------------------
Generation 35
Best individual: ({'dict_size': 268435456, 'lc': 4, 'lp': 0, 'pb': 0, 'mode': 1, 'mf': 'bt3', 'nice_len': 64, 'depth': 1000},)
Fitness: 3.898111148653308
Total time took: 43.88986682891846
----------------------------------------------------------------------------------------------------
Generation 36
Best individual: ({'dict_size': 268435456, 'lc': 4, 'lp': 0, 'pb': 0, 'mode': 1, 'mf': 'bt3', 'nice_len': 64, 'depth': 1000},)
Fitness: 3.898111148653308
Total time took: 28.06871795654297
----------------------------------------------------------------------------------------------------
Generation 37
Best individual: ({'dict_size': 268435456, 'lc': 4, 'lp': 0, 'pb': 0, 'mode': 1, 'mf': 'bt3', 'nice_len': 16, 'depth': 1000},)
Fitness: 3.898111148653308
Total time took: 20.466432094573975
----------------------------------------------------------------------------------------------------
Generation 38
Best individual: ({'dict_size': 268435456, 'lc': 4, 'lp': 0, 'pb': 0, 'mode': 1, 'mf': 'bt3', 'nice_len': 128, 'depth': 1000},)
Fitness: 3.898111148653308
Total time took: 26.192094326019287
----------------------------------------------------------------------------------------------------
Generation 39
Best individual: ({'dict_size': 268435456, 'lc': 4, 'lp': 0, 'pb': 0, 'mode': 1, 'mf': 'bt3', 'nice_len': 16, 'depth': 1000},)
Fitness: 3.898111148653308
Total time took: 24.055089950561523
----------------------------------------------------------------------------------------------------
Generation 40
Best individual: ({'dict_size': 268435456, 'lc': 4, 'lp': 0, 'pb': 0, 'mode': 1, 'mf': 'bt3', 'nice_len': 16, 'depth': 1000},)
Fitness: 3.898111148653308
Total time took: 25.848657369613647
----------------------------------------------------------------------------------------------------
Generation 41
Best individual: ({'dict_size': 268435456, 'lc': 4, 'lp': 0, 'pb': 0, 'mode': 1, 'mf': 'bt3', 'nice_len': 32, 'depth': 1000},)
Fitness: 3.898111148653308
Total time took: 29.64301371574402
----------------------------------------------------------------------------------------------------
Generation 42
Best individual: ({'dict_size': 268435456, 'lc': 4, 'lp': 0, 'pb': 0, 'mode': 1, 'mf': 'bt3', 'nice_len': 273, 'depth': 1000},)
Fitness: 3.898111148653308
Total time took: 26.993709087371826
----------------------------------------------------------------------------------------------------
Generation 43
Best individual: ({'dict_size': 268435456, 'lc': 4, 'lp': 0, 'pb': 0, 'mode': 1, 'mf': 'bt3', 'nice_len': 32, 'depth': 1000},)
Fitness: 3.898111148653308
Total time took: 38.52308487892151
----------------------------------------------------------------------------------------------------
Generation 44
Best individual: ({'dict_size': 268435456, 'lc': 4, 'lp': 0, 'pb': 0, 'mode': 1, 'mf': 'bt3', 'nice_len': 16, 'depth': 1000},)
Fitness: 3.898111148653308
Total time took: 37.89394474029541
----------------------------------------------------------------------------------------------------
Generation 45
Best individual: ({'dict_size': 268435456, 'lc': 4, 'lp': 0, 'pb': 0, 'mode': 1, 'mf': 'bt3', 'nice_len': 16, 'depth': 1000},)
Fitness: 3.898111148653308
Total time took: 35.54975152015686
----------------------------------------------------------------------------------------------------
Generation 46
Best individual: ({'dict_size': 268435456, 'lc': 4, 'lp': 0, 'pb': 0, 'mode': 1, 'mf': 'bt3', 'nice_len': 32, 'depth': 1000},)
Fitness: 3.898111148653308
Total time took: 37.41168570518494
----------------------------------------------------------------------------------------------------
Generation 47
Best individual: ({'dict_size': 268435456, 'lc': 4, 'lp': 0, 'pb': 0, 'mode': 1, 'mf': 'bt3', 'nice_len': 16, 'depth': 1000},)
Fitness: 3.898111148653308
Total time took: 25.658621072769165
----------------------------------------------------------------------------------------------------
Generation 48
Best individual: ({'dict_size': 268435456, 'lc': 4, 'lp': 0, 'pb': 0, 'mode': 1, 'mf': 'bt3', 'nice_len': 16, 'depth': 1000},)
Fitness: 3.898111148653308
Total time took: 23.510779857635498
----------------------------------------------------------------------------------------------------
Generation 49
Best individual: ({'dict_size': 268435456, 'lc': 4, 'lp': 0, 'pb': 0, 'mode': 1, 'mf': 'bt3', 'nice_len': 64, 'depth': 1000},)
Fitness: 3.898111148653308
Total time took: 44.859169244766235
----------------------------------------------------------------------------------------------------
Generation 50
Best individual: ({'dict_size': 268435456, 'lc': 4, 'lp': 0, 'pb': 0, 'mode': 1, 'mf': 'bt3', 'nice_len': 16, 'depth': 1000},)
Fitness: 3.898111148653308
Total time took: 41.35605335235596
----------------------------------------------------------------------------------------------------
Best parameters found: ({'dict_size': 268435456, 'lc': 4, 'lp': 0, 'pb': 0, 'mode': 1, 'mf': 'bt3', 'nice_len': 16, 'depth': 1000},) with fitness 3.898111148653308
------------ ------------
End Time: 2025-02-10 03:14:18 WET
