Job Information for Job ID: 3261 from paulojnpinto02
------------ ------------
Account: students
CPUs per Node: 32
RAM: 150G
Partition: cpu
QOS: students-qos
Start Time: 2025-02-10 00:40:22 WET
Running On Node: cpu-srv-03
------------ ------------
Initial Generation
Best individual from Initial Generation: ({'level': -16, 'window_log': 25, 'chain_log': 25, 'hash_log': 29, 'search_log': 8, 'min_match': 6, 'target_length': 32768, 'strategy': 5},)
Fitness: 3.576129536292714
Total time took: 7.554101467132568
----------------------------------------------------------------------------------------------------
Generation 2
Best individual: ({'level': -16, 'window_log': 25, 'chain_log': 25, 'hash_log': 29, 'search_log': 8, 'min_match': 6, 'target_length': 32768, 'strategy': 5},)
Fitness: 3.576129536292714
Total time took: 4.1637396812438965
----------------------------------------------------------------------------------------------------
Generation 3
Best individual: ({'level': -16, 'window_log': 25, 'chain_log': 25, 'hash_log': 29, 'search_log': 8, 'min_match': 6, 'target_length': 32768, 'strategy': 5},)
Fitness: 3.576129536292714
Total time took: 5.398944616317749
----------------------------------------------------------------------------------------------------
Generation 4
Best individual: ({'level': -16, 'window_log': 25, 'chain_log': 25, 'hash_log': 29, 'search_log': 8, 'min_match': 6, 'target_length': 32768, 'strategy': 5},)
Fitness: 3.576129536292714
Total time took: 6.47545051574707
----------------------------------------------------------------------------------------------------
Generation 5
Best individual: ({'level': -16, 'window_log': 25, 'chain_log': 25, 'hash_log': 29, 'search_log': 8, 'min_match': 6, 'target_length': 32768, 'strategy': 5},)
Fitness: 3.576129536292714
Total time took: 3.7805278301239014
----------------------------------------------------------------------------------------------------
Generation 6
Best individual: ({'level': -16, 'window_log': 25, 'chain_log': 25, 'hash_log': 29, 'search_log': 8, 'min_match': 6, 'target_length': 32768, 'strategy': 5},)
Fitness: 3.576129536292714
Total time took: 5.774381637573242
----------------------------------------------------------------------------------------------------
Generation 7
Best individual: ({'level': -16, 'window_log': 25, 'chain_log': 25, 'hash_log': 29, 'search_log': 8, 'min_match': 6, 'target_length': 32768, 'strategy': 5},)
Fitness: 3.576129536292714
Total time took: 4.802562713623047
----------------------------------------------------------------------------------------------------
Generation 8
Best individual: ({'level': -16, 'window_log': 25, 'chain_log': 25, 'hash_log': 29, 'search_log': 8, 'min_match': 6, 'target_length': 32768, 'strategy': 5},)
Fitness: 3.576129536292714
Total time took: 6.1807286739349365
----------------------------------------------------------------------------------------------------
Generation 9
Best individual: ({'level': -16, 'window_log': 25, 'chain_log': 25, 'hash_log': 29, 'search_log': 8, 'min_match': 6, 'target_length': 32768, 'strategy': 5},)
Fitness: 3.576129536292714
Total time took: 6.429301500320435
----------------------------------------------------------------------------------------------------
Generation 10
Best individual: ({'level': -16, 'window_log': 25, 'chain_log': 25, 'hash_log': 29, 'search_log': 8, 'min_match': 6, 'target_length': 32768, 'strategy': 5},)
Fitness: 3.576129536292714
Total time took: 5.599364280700684
----------------------------------------------------------------------------------------------------
Generation 11
Best individual: ({'level': -16, 'window_log': 25, 'chain_log': 25, 'hash_log': 29, 'search_log': 8, 'min_match': 6, 'target_length': 32768, 'strategy': 5},)
Fitness: 3.576129536292714
Total time took: 5.270944595336914
----------------------------------------------------------------------------------------------------
Generation 12
Best individual: ({'level': -16, 'window_log': 25, 'chain_log': 25, 'hash_log': 29, 'search_log': 8, 'min_match': 6, 'target_length': 32768, 'strategy': 5},)
Fitness: 3.576129536292714
Total time took: 6.262026071548462
----------------------------------------------------------------------------------------------------
Generation 13
Best individual: ({'level': -16, 'window_log': 25, 'chain_log': 25, 'hash_log': 29, 'search_log': 8, 'min_match': 6, 'target_length': 32768, 'strategy': 5},)
Fitness: 3.576129536292714
Total time took: 4.96464729309082
----------------------------------------------------------------------------------------------------
Generation 14
Best individual: ({'level': -16, 'window_log': 25, 'chain_log': 25, 'hash_log': 29, 'search_log': 8, 'min_match': 6, 'target_length': 32768, 'strategy': 5},)
Fitness: 3.576129536292714
Total time took: 5.875414609909058
----------------------------------------------------------------------------------------------------
Generation 15
Best individual: ({'level': -46, 'window_log': 11, 'chain_log': 28, 'hash_log': 19, 'search_log': 4, 'min_match': 5, 'target_length': 4096, 'strategy': 0},)
Fitness: 3.843181860671438
Total time took: 7.0240583419799805
----------------------------------------------------------------------------------------------------
Generation 16
Best individual: ({'level': -50, 'window_log': 20, 'chain_log': 28, 'hash_log': 19, 'search_log': 4, 'min_match': 5, 'target_length': 4096, 'strategy': 0},)
Fitness: 3.843181860671438
Total time took: 4.470639705657959
----------------------------------------------------------------------------------------------------
Generation 17
Best individual: ({'level': -9, 'window_log': 16, 'chain_log': 28, 'hash_log': 7, 'search_log': 4, 'min_match': 5, 'target_length': 4096, 'strategy': 0},)
Fitness: 3.843181860671438
Total time took: 3.809122323989868
----------------------------------------------------------------------------------------------------
Generation 18
Best individual: ({'level': -10, 'window_log': 11, 'chain_log': 28, 'hash_log': 8, 'search_log': 4, 'min_match': 5, 'target_length': 4096, 'strategy': 0},)
Fitness: 3.843181860671438
Total time took: 4.850636959075928
----------------------------------------------------------------------------------------------------
Generation 19
Best individual: ({'level': -34, 'window_log': 17, 'chain_log': 28, 'hash_log': 29, 'search_log': 4, 'min_match': 5, 'target_length': 4096, 'strategy': 0},)
Fitness: 3.843181860671438
Total time took: 3.909242630004883
----------------------------------------------------------------------------------------------------
Generation 20
Best individual: ({'level': -11, 'window_log': 24, 'chain_log': 28, 'hash_log': 17, 'search_log': 4, 'min_match': 5, 'target_length': 4096, 'strategy': 0},)
Fitness: 3.843181860671438
Total time took: 5.158625602722168
----------------------------------------------------------------------------------------------------
Generation 21
Best individual: ({'level': 4, 'window_log': 12, 'chain_log': 28, 'hash_log': 9, 'search_log': 4, 'min_match': 5, 'target_length': 4096, 'strategy': 0},)
Fitness: 3.843181860671438
Total time took: 6.497348785400391
----------------------------------------------------------------------------------------------------
Generation 22
Best individual: ({'level': 8, 'window_log': 26, 'chain_log': 28, 'hash_log': 23, 'search_log': 4, 'min_match': 5, 'target_length': 4096, 'strategy': 0},)
Fitness: 3.843181860671438
Total time took: 4.4378979206085205
----------------------------------------------------------------------------------------------------
Generation 23
Best individual: ({'level': 20, 'window_log': 22, 'chain_log': 25, 'hash_log': 29, 'search_log': 8, 'min_match': 5, 'target_length': 4096, 'strategy': 0},)
Fitness: 3.888194405636491
Total time took: 6.0704710483551025
----------------------------------------------------------------------------------------------------
Generation 24
Best individual: ({'level': 20, 'window_log': 29, 'chain_log': 25, 'hash_log': 29, 'search_log': 8, 'min_match': 5, 'target_length': 4096, 'strategy': 0},)
Fitness: 3.888194405636491
Total time took: 4.898996829986572
----------------------------------------------------------------------------------------------------
Generation 25
Best individual: ({'level': 20, 'window_log': 15, 'chain_log': 25, 'hash_log': 29, 'search_log': 8, 'min_match': 5, 'target_length': 4096, 'strategy': 0},)
Fitness: 3.888194405636491
Total time took: 5.083752155303955
----------------------------------------------------------------------------------------------------
Generation 26
Best individual: ({'level': 20, 'window_log': 30, 'chain_log': 25, 'hash_log': 29, 'search_log': 8, 'min_match': 5, 'target_length': 4096, 'strategy': 0},)
Fitness: 3.888194405636491
Total time took: 6.569235801696777
----------------------------------------------------------------------------------------------------
Generation 27
Best individual: ({'level': 20, 'window_log': 21, 'chain_log': 25, 'hash_log': 29, 'search_log': 8, 'min_match': 5, 'target_length': 4096, 'strategy': 0},)
Fitness: 3.888194405636491
Total time took: 4.554135799407959
----------------------------------------------------------------------------------------------------
Generation 28
Best individual: ({'level': 20, 'window_log': 27, 'chain_log': 25, 'hash_log': 29, 'search_log': 8, 'min_match': 5, 'target_length': 4096, 'strategy': 0},)
Fitness: 3.888194405636491
Total time took: 4.77733850479126
----------------------------------------------------------------------------------------------------
Generation 29
Best individual: ({'level': 20, 'window_log': 21, 'chain_log': 25, 'hash_log': 29, 'search_log': 8, 'min_match': 5, 'target_length': 4096, 'strategy': 0},)
Fitness: 3.888194405636491
Total time took: 4.1051108837127686
----------------------------------------------------------------------------------------------------
Generation 30
Best individual: ({'level': 20, 'window_log': 18, 'chain_log': 25, 'hash_log': 29, 'search_log': 8, 'min_match': 5, 'target_length': 4096, 'strategy': 0},)
Fitness: 3.888194405636491
Total time took: 5.869558811187744
----------------------------------------------------------------------------------------------------
Generation 31
Best individual: ({'level': 20, 'window_log': 20, 'chain_log': 25, 'hash_log': 29, 'search_log': 8, 'min_match': 5, 'target_length': 4096, 'strategy': 0},)
Fitness: 3.888194405636491
Total time took: 5.7351415157318115
----------------------------------------------------------------------------------------------------
Generation 32
Best individual: ({'level': 20, 'window_log': 24, 'chain_log': 25, 'hash_log': 29, 'search_log': 8, 'min_match': 5, 'target_length': 4096, 'strategy': 0},)
Fitness: 3.888194405636491
Total time took: 6.2604639530181885
----------------------------------------------------------------------------------------------------
Generation 33
Best individual: ({'level': 20, 'window_log': 18, 'chain_log': 25, 'hash_log': 29, 'search_log': 8, 'min_match': 5, 'target_length': 4096, 'strategy': 0},)
Fitness: 3.888194405636491
Total time took: 4.697223424911499
----------------------------------------------------------------------------------------------------
Generation 34
Best individual: ({'level': 20, 'window_log': 19, 'chain_log': 25, 'hash_log': 29, 'search_log': 8, 'min_match': 5, 'target_length': 4096, 'strategy': 0},)
Fitness: 3.888194405636491
Total time took: 7.297561883926392
----------------------------------------------------------------------------------------------------
Generation 35
Best individual: ({'level': 20, 'window_log': 15, 'chain_log': 25, 'hash_log': 29, 'search_log': 8, 'min_match': 5, 'target_length': 4096, 'strategy': 0},)
Fitness: 3.888194405636491
Total time took: 5.907480001449585
----------------------------------------------------------------------------------------------------
Generation 36
Best individual: ({'level': 20, 'window_log': 28, 'chain_log': 25, 'hash_log': 29, 'search_log': 8, 'min_match': 5, 'target_length': 4096, 'strategy': 0},)
Fitness: 3.888194405636491
Total time took: 6.059188365936279
----------------------------------------------------------------------------------------------------
Generation 37
Best individual: ({'level': 20, 'window_log': 16, 'chain_log': 25, 'hash_log': 29, 'search_log': 8, 'min_match': 5, 'target_length': 4096, 'strategy': 0},)
Fitness: 3.888194405636491
Total time took: 5.505117654800415
----------------------------------------------------------------------------------------------------
Generation 38
Best individual: ({'level': 20, 'window_log': 28, 'chain_log': 25, 'hash_log': 29, 'search_log': 8, 'min_match': 5, 'target_length': 4096, 'strategy': 0},)
Fitness: 3.888194405636491
Total time took: 4.885428190231323
----------------------------------------------------------------------------------------------------
Generation 39
Best individual: ({'level': 19, 'window_log': 27, 'chain_log': 28, 'hash_log': 17, 'search_log': 8, 'min_match': 5, 'target_length': 131072, 'strategy': 0},)
Fitness: 3.8882244915856066
Total time took: 5.589266777038574
----------------------------------------------------------------------------------------------------
Generation 40
Best individual: ({'level': 19, 'window_log': 27, 'chain_log': 28, 'hash_log': 28, 'search_log': 8, 'min_match': 5, 'target_length': 131072, 'strategy': 0},)
Fitness: 3.8882244915856066
Total time took: 5.218676567077637
----------------------------------------------------------------------------------------------------
Generation 41
Best individual: ({'level': 19, 'window_log': 13, 'chain_log': 28, 'hash_log': 29, 'search_log': 8, 'min_match': 5, 'target_length': 131072, 'strategy': 0},)
Fitness: 3.8882244915856066
Total time took: 4.344882011413574
----------------------------------------------------------------------------------------------------
Generation 42
Best individual: ({'level': 20, 'window_log': 24, 'chain_log': 30, 'hash_log': 14, 'search_log': 9, 'min_match': 5, 'target_length': 32768, 'strategy': 0},)
Fitness: 3.888331467619986
Total time took: 5.626315116882324
----------------------------------------------------------------------------------------------------
Generation 43
Best individual: ({'level': 20, 'window_log': 24, 'chain_log': 30, 'hash_log': 8, 'search_log': 1, 'min_match': 5, 'target_length': 65536, 'strategy': 0},)
Fitness: 3.888331467619986
Total time took: 7.715597629547119
----------------------------------------------------------------------------------------------------
Generation 44
Best individual: ({'level': 20, 'window_log': 24, 'chain_log': 30, 'hash_log': 23, 'search_log': 9, 'min_match': 5, 'target_length': 131072, 'strategy': 0},)
Fitness: 3.888331467619986
Total time took: 7.671206951141357
----------------------------------------------------------------------------------------------------
Generation 45
Best individual: ({'level': 20, 'window_log': 24, 'chain_log': 30, 'hash_log': 17, 'search_log': 10, 'min_match': 5, 'target_length': 16384, 'strategy': 0},)
Fitness: 3.888331467619986
Total time took: 6.065103054046631
----------------------------------------------------------------------------------------------------
Generation 46
Best individual: ({'level': 20, 'window_log': 24, 'chain_log': 30, 'hash_log': 6, 'search_log': 4, 'min_match': 5, 'target_length': 131072, 'strategy': 0},)
Fitness: 3.888331467619986
Total time took: 5.632121562957764
----------------------------------------------------------------------------------------------------
Generation 47
Best individual: ({'level': 20, 'window_log': 24, 'chain_log': 30, 'hash_log': 26, 'search_log': 6, 'min_match': 5, 'target_length': 131072, 'strategy': 0},)
Fitness: 3.888331467619986
Total time took: 6.837820768356323
----------------------------------------------------------------------------------------------------
Generation 48
Best individual: ({'level': 20, 'window_log': 24, 'chain_log': 30, 'hash_log': 26, 'search_log': 3, 'min_match': 5, 'target_length': 8192, 'strategy': 0},)
Fitness: 3.888331467619986
Total time took: 5.458353757858276
----------------------------------------------------------------------------------------------------
Generation 49
Best individual: ({'level': 20, 'window_log': 24, 'chain_log': 30, 'hash_log': 10, 'search_log': 6, 'min_match': 5, 'target_length': 16384, 'strategy': 0},)
Fitness: 3.888331467619986
Total time took: 5.903015851974487
----------------------------------------------------------------------------------------------------
Generation 50
Best individual: ({'level': 20, 'window_log': 24, 'chain_log': 30, 'hash_log': 18, 'search_log': 1, 'min_match': 5, 'target_length': 4096, 'strategy': 0},)
Fitness: 3.888331467619986
Total time took: 5.093537092208862
----------------------------------------------------------------------------------------------------
Best parameters found: ({'level': 20, 'window_log': 24, 'chain_log': 30, 'hash_log': 18, 'search_log': 1, 'min_match': 5, 'target_length': 4096, 'strategy': 0},) with fitness 3.888331467619986
------------ ------------
End Time: 2025-02-10 00:45:30 WET
